<?xml version="1.0" encoding="UTF-8"?>
<!-- Generated by org.testng.reporters.JUnitXMLReporter -->
<testsuite hostname="DESKTOP-90CE8IP" ignored="0" name="Login Test" tests="1" failures="1" timestamp="2022-10-06T14:49:13 IST" time="2.411" errors="0">
  <testcase name="LoginTest" time="2.246" classname="com.akshar.testcases.LoginTest">
    <failure type="java.lang.AssertionError" message="Login test failed">
      <![CDATA[java.lang.AssertionError: Login test failed
at com.akshar.testcases.LoginTest.LoginTest(LoginTest.java:24)
at java.util.ArrayList.forEach(ArrayList.java:1257)
... Removed 28 stack frames]]>
    </failure>
  </testcase> <!-- LoginTest -->
</testsuite> <!-- Login Test -->
