<?xml version="1.0" encoding="UTF-8"?>
<testng-results skipped="0" failed="0" ignored="0" total="2" passed="2">
  <reporter-output>
  </reporter-output>
  <suite name="Page Object Model" duration-ms="18909" started-at="2022-10-07T11:59:45 IST" finished-at="2022-10-07T12:00:04 IST">
    <groups>
    </groups>
    <test name="Login Test" duration-ms="1744" started-at="2022-10-07T11:59:45 IST" finished-at="2022-10-07T11:59:47 IST">
      <class name="com.akshar.testcases.LoginTest">
        <test-method status="PASS" signature="LoginTest(java.util.Hashtable)[pri:0, instance:com.akshar.testcases.LoginTest@50a691d3]" name="LoginTest" duration-ms="1647" started-at="2022-10-07T11:59:45 IST" data-provider="dp" finished-at="2022-10-07T11:59:47 IST">
          <params>
            <param index="0">
              <value>
                <![CDATA[{password=Smithajain1, Runmode=Y, username=aksharphotos@gmail.com}]]>
              </value>
            </param>
          </params>
          <reporter-output>
          </reporter-output>
        </test-method> <!-- LoginTest -->
      </class> <!-- com.akshar.testcases.LoginTest -->
    </test> <!-- Login Test -->
    <test name="Create Account Test" duration-ms="17129" started-at="2022-10-07T11:59:47 IST" finished-at="2022-10-07T12:00:04 IST">
      <class name="com.akshar.testcases.CreateAccountTest">
        <test-method status="PASS" signature="createAccountTest(java.util.Hashtable)[pri:0, instance:com.akshar.testcases.CreateAccountTest@30c0d731]" name="createAccountTest" duration-ms="17126" started-at="2022-10-07T11:59:47 IST" data-provider="dp" finished-at="2022-10-07T12:00:04 IST">
          <params>
            <param index="0">
              <value>
                <![CDATA[{accountname=Test_Account}]]>
              </value>
            </param>
          </params>
          <reporter-output>
          </reporter-output>
        </test-method> <!-- createAccountTest -->
      </class> <!-- com.akshar.testcases.CreateAccountTest -->
      <class name="com.akshar.testcases.LoginTest">
        <test-method status="PASS" signature="tearDown()[pri:0, instance:com.akshar.testcases.LoginTest@50a691d3]" name="tearDown" is-config="true" duration-ms="1075" started-at="2022-10-07T12:00:04 IST" finished-at="2022-10-07T12:00:05 IST">
          <reporter-output>
          </reporter-output>
        </test-method> <!-- tearDown -->
      </class> <!-- com.akshar.testcases.LoginTest -->
    </test> <!-- Create Account Test -->
  </suite> <!-- Page Object Model -->
</testng-results>
